<?xml version="1.0" encoding="UTF-8"?>
<!-- Generated by org.testng.reporters.JUnitReportReporter -->
<testsuite hostname="DLLA0003" name="QAIT.TatocProject.Tatoc_Advanced_Course" tests="2" failures="0" timestamp="5 Jul 2018 17:56:46 GMT" time="4.113" errors="0">
  <testcase name="click_On_Go_Next_Link_On_Hover_Menu_Page" time="3.369" classname="QAIT.TatocProject.Tatoc_Advanced_Course"/>
  <testcase name="click_On_Advanced_Course_Link" time="0.744" classname="QAIT.TatocProject.Tatoc_Advanced_Course"/>
</testsuite> <!-- QAIT.TatocProject.Tatoc_Advanced_Course -->
