<?xml version="1.0" encoding="UTF-8"?>
<!-- Generated by org.testng.reporters.JUnitReportReporter -->
<testsuite hostname="DLLA0003" name="QAIT.TatocProject.VerifyTatocHomePage" tests="8" failures="0" timestamp="5 Jul 2018 09:33:06 GMT" time="14.450" errors="0">
  <testcase name="Generate_Token_And_Cookie" time="0.873" classname="QAIT.TatocProject.VerifyTatocHomePage"/>
  <testcase name="Launch_Popup_And_Submit_Form" time="2.615" classname="QAIT.TatocProject.VerifyTatocHomePage"/>
  <testcase name="verify_User_Is_On_Tatoc_Homepage" time="2.109" classname="QAIT.TatocProject.VerifyTatocHomePage"/>
  <testcase name="Drag_And_Drop_Button" time="0.913" classname="QAIT.TatocProject.VerifyTatocHomePage"/>
  <testcase name="Verify_End_Page_And_Complete_Basic_Course" time="0.256" classname="QAIT.TatocProject.VerifyTatocHomePage"/>
  <testcase name="verify_Color_Of_Boxes_Match" time="2.407" classname="QAIT.TatocProject.VerifyTatocHomePage"/>
  <testcase name="click_On_Basic_Course_Link" time="2.368" classname="QAIT.TatocProject.VerifyTatocHomePage"/>
  <testcase name="click_On_Green_Box_On_Grid_Gate" time="2.909" classname="QAIT.TatocProject.VerifyTatocHomePage"/>
</testsuite> <!-- QAIT.TatocProject.VerifyTatocHomePage -->
