<?xml version="1.0" encoding="UTF-8"?>
<!-- Generated by org.testng.reporters.JUnitReportReporter -->
<testsuite hostname="DLLA0003" name="QAIT.TatocProject.Tatoc_Basic_Course" tests="8" failures="0" timestamp="7 Jul 2018 06:55:17 GMT" time="12.272" errors="0">
  <testcase name="click_On_Basic_Course_Link" time="2.513" classname="QAIT.TatocProject.Tatoc_Basic_Course"/>
  <testcase name="click_On_Green_Box_On_Grid_Gate" time="2.884" classname="QAIT.TatocProject.Tatoc_Basic_Course"/>
  <testcase name="verify_User_Is_On_Tatoc_Homepage" time="1.772" classname="QAIT.TatocProject.Tatoc_Basic_Course"/>
  <testcase name="Verify_End_Page_And_Complete_Basic_Course" time="0.081" classname="QAIT.TatocProject.Tatoc_Basic_Course"/>
  <testcase name="Launch_Popup_And_Submit_Form" time="1.846" classname="QAIT.TatocProject.Tatoc_Basic_Course"/>
  <testcase name="Generate_Token_And_Cookie" time="0.417" classname="QAIT.TatocProject.Tatoc_Basic_Course"/>
  <testcase name="verify_Color_Of_Boxes_Match" time="2.307" classname="QAIT.TatocProject.Tatoc_Basic_Course"/>
  <testcase name="Drag_And_Drop_Button" time="0.452" classname="QAIT.TatocProject.Tatoc_Basic_Course"/>
</testsuite> <!-- QAIT.TatocProject.Tatoc_Basic_Course -->
